<testsuites name="" errors="0" failures="0" tests="0" time="0">
	<testsuite name="image_validation-debian-10" tests="0" failures="0" errors="0" disabled="0" skipped="0" time="0">
		<testcase classname="" name="TestHostname" time="0"></testcase>
		<testcase classname="" name="TestFQDN" time="0.01"></testcase>
		<testcase classname="" name="TestArePackagesLegalToUse" time="0"></testcase>
		<testcase classname="" name="TestHostKeysGeneratedOnce" time="0.03"></testcase>
	</testsuite>
	<testsuite name="ssh-debian-10" tests="0" failures="0" errors="0" disabled="0" skipped="0" time="0">
		<testcase classname="" name="TestVm1" time="0"></testcase>
		<testcase classname="" name="TestVm2" time="0"></testcase>
	</testsuite>
</testsuites>
